<?xml version="1.0" encoding="UTF-8"?>
<testng-results skipped="0" failed="0" ignored="0" total="1" passed="1">
  <reporter-output>
  </reporter-output>
  <suite name="Default suite" duration-ms="12577" started-at="2018-08-10T07:04:49Z" finished-at="2018-08-10T07:05:02Z">
    <groups>
    </groups>
    <test name="Default test" duration-ms="12577" started-at="2018-08-10T07:04:49Z" finished-at="2018-08-10T07:05:02Z">
      <class name="TestNGExample.TestAlert">
        <test-method status="PASS" signature="testAlert()[pri:0, instance:TestNGExample.TestAlert@6a4f787b]" name="testAlert" duration-ms="12552" started-at="2018-08-10T07:04:49Z" finished-at="2018-08-10T07:05:02Z">
          <reporter-output>
          </reporter-output>
        </test-method> <!-- testAlert -->
      </class> <!-- TestNGExample.TestAlert -->
    </test> <!-- Default test -->
  </suite> <!-- Default suite -->
</testng-results>
